{"name":"Log","hostname":"vanheemstrasyste-ghost-2xpzriwxg3t","pid":2102,"level":30,"version":"5.78.0","msg":"Ghost is running in development...","time":"2024-02-02T13:40:16.694Z","v":0}
{"name":"Log","hostname":"vanheemstrasyste-ghost-2xpzriwxg3t","pid":2102,"level":30,"version":"5.78.0","msg":"Listening on: 127.0.0.1:2368","time":"2024-02-02T13:40:16.695Z","v":0}
{"name":"Log","hostname":"vanheemstrasyste-ghost-2xpzriwxg3t","pid":2102,"level":30,"version":"5.78.0","msg":"Url configured as: http://localhost:2368/","time":"2024-02-02T13:40:16.696Z","v":0}
{"name":"Log","hostname":"vanheemstrasyste-ghost-2xpzriwxg3t","pid":2102,"level":30,"version":"5.78.0","msg":"Ctrl+C to shut down","time":"2024-02-02T13:40:16.697Z","v":0}
{"name":"Log","hostname":"vanheemstrasyste-ghost-2xpzriwxg3t","pid":2102,"level":30,"version":"5.78.0","msg":"Ghost server started in 0.528s","time":"2024-02-02T13:40:16.698Z","v":0}
{"name":"Log","hostname":"vanheemstrasyste-ghost-2xpzriwxg3t","pid":2102,"level":40,"version":"5.78.0","msg":"Database state requires initialisation.","time":"2024-02-02T13:40:16.808Z","v":0}
{"name":"Log","hostname":"vanheemstrasyste-ghost-2xpzriwxg3t","pid":2102,"level":30,"version":"5.78.0","msg":"Creating table: newsletters","time":"2024-02-02T13:40:17.024Z","v":0}
{"name":"Log","hostname":"vanheemstrasyste-ghost-2xpzriwxg3t","pid":2102,"level":30,"version":"5.78.0","msg":"Creating table: posts","time":"2024-02-02T13:40:17.099Z","v":0}
{"name":"Log","hostname":"vanheemstrasyste-ghost-2xpzriwxg3t","pid":2102,"level":30,"version":"5.78.0","msg":"Creating table: posts_meta","time":"2024-02-02T13:40:17.105Z","v":0}
{"name":"Log","hostname":"vanheemstrasyste-ghost-2xpzriwxg3t","pid":2102,"level":30,"version":"5.78.0","msg":"Creating table: users","time":"2024-02-02T13:40:17.109Z","v":0}
{"name":"Log","hostname":"vanheemstrasyste-ghost-2xpzriwxg3t","pid":2102,"level":30,"version":"5.78.0","msg":"Creating table: posts_authors","time":"2024-02-02T13:40:17.118Z","v":0}
{"name":"Log","hostname":"vanheemstrasyste-ghost-2xpzriwxg3t","pid":2102,"level":30,"version":"5.78.0","msg":"Creating table: roles","time":"2024-02-02T13:40:17.120Z","v":0}
{"name":"Log","hostname":"vanheemstrasyste-ghost-2xpzriwxg3t","pid":2102,"level":30,"version":"5.78.0","msg":"Creating table: roles_users","time":"2024-02-02T13:40:17.124Z","v":0}
{"name":"Log","hostname":"vanheemstrasyste-ghost-2xpzriwxg3t","pid":2102,"level":30,"version":"5.78.0","msg":"Creating table: permissions","time":"2024-02-02T13:40:17.127Z","v":0}
{"name":"Log","hostname":"vanheemstrasyste-ghost-2xpzriwxg3t","pid":2102,"level":30,"version":"5.78.0","msg":"Creating table: permissions_users","time":"2024-02-02T13:40:17.130Z","v":0}
{"name":"Log","hostname":"vanheemstrasyste-ghost-2xpzriwxg3t","pid":2102,"level":30,"version":"5.78.0","msg":"Creating table: permissions_roles","time":"2024-02-02T13:40:17.132Z","v":0}
{"name":"Log","hostname":"vanheemstrasyste-ghost-2xpzriwxg3t","pid":2102,"level":30,"version":"5.78.0","msg":"Creating table: settings","time":"2024-02-02T13:40:17.135Z","v":0}
{"name":"Log","hostname":"vanheemstrasyste-ghost-2xpzriwxg3t","pid":2102,"level":30,"version":"5.78.0","msg":"Creating table: tags","time":"2024-02-02T13:40:17.140Z","v":0}
{"name":"Log","hostname":"vanheemstrasyste-ghost-2xpzriwxg3t","pid":2102,"level":30,"version":"5.78.0","msg":"Creating table: posts_tags","time":"2024-02-02T13:40:17.144Z","v":0}
{"name":"Log","hostname":"vanheemstrasyste-ghost-2xpzriwxg3t","pid":2102,"level":30,"version":"5.78.0","msg":"Creating table: invites","time":"2024-02-02T13:40:17.146Z","v":0}
{"name":"Log","hostname":"vanheemstrasyste-ghost-2xpzriwxg3t","pid":2102,"level":30,"version":"5.78.0","msg":"Creating table: brute","time":"2024-02-02T13:40:17.151Z","v":0}
{"name":"Log","hostname":"vanheemstrasyste-ghost-2xpzriwxg3t","pid":2102,"level":30,"version":"5.78.0","msg":"Creating table: sessions","time":"2024-02-02T13:40:17.153Z","v":0}
{"name":"Log","hostname":"vanheemstrasyste-ghost-2xpzriwxg3t","pid":2102,"level":30,"version":"5.78.0","msg":"Creating table: integrations","time":"2024-02-02T13:40:17.156Z","v":0}
{"name":"Log","hostname":"vanheemstrasyste-ghost-2xpzriwxg3t","pid":2102,"level":30,"version":"5.78.0","msg":"Creating table: webhooks","time":"2024-02-02T13:40:17.159Z","v":0}
{"name":"Log","hostname":"vanheemstrasyste-ghost-2xpzriwxg3t","pid":2102,"level":30,"version":"5.78.0","msg":"Creating table: api_keys","time":"2024-02-02T13:40:17.162Z","v":0}
{"name":"Log","hostname":"vanheemstrasyste-ghost-2xpzriwxg3t","pid":2102,"level":30,"version":"5.78.0","msg":"Creating table: mobiledoc_revisions","time":"2024-02-02T13:40:17.165Z","v":0}
{"name":"Log","hostname":"vanheemstrasyste-ghost-2xpzriwxg3t","pid":2102,"level":30,"version":"5.78.0","msg":"Creating table: post_revisions","time":"2024-02-02T13:40:17.168Z","v":0}
{"name":"Log","hostname":"vanheemstrasyste-ghost-2xpzriwxg3t","pid":2102,"level":30,"version":"5.78.0","msg":"Creating table: members","time":"2024-02-02T13:40:17.172Z","v":0}
{"name":"Log","hostname":"vanheemstrasyste-ghost-2xpzriwxg3t","pid":2102,"level":30,"version":"5.78.0","msg":"Creating table: products","time":"2024-02-02T13:40:17.180Z","v":0}
{"name":"Log","hostname":"vanheemstrasyste-ghost-2xpzriwxg3t","pid":2102,"level":30,"version":"5.78.0","msg":"Creating table: offers","time":"2024-02-02T13:40:17.184Z","v":0}
{"name":"Log","hostname":"vanheemstrasyste-ghost-2xpzriwxg3t","pid":2102,"level":30,"version":"5.78.0","msg":"Creating table: benefits","time":"2024-02-02T13:40:17.190Z","v":0}
{"name":"Log","hostname":"vanheemstrasyste-ghost-2xpzriwxg3t","pid":2102,"level":30,"version":"5.78.0","msg":"Creating table: products_benefits","time":"2024-02-02T13:40:17.194Z","v":0}
{"name":"Log","hostname":"vanheemstrasyste-ghost-2xpzriwxg3t","pid":2102,"level":30,"version":"5.78.0","msg":"Creating table: members_products","time":"2024-02-02T13:40:17.196Z","v":0}
{"name":"Log","hostname":"vanheemstrasyste-ghost-2xpzriwxg3t","pid":2102,"level":30,"version":"5.78.0","msg":"Creating table: posts_products","time":"2024-02-02T13:40:17.198Z","v":0}
{"name":"Log","hostname":"vanheemstrasyste-ghost-2xpzriwxg3t","pid":2102,"level":30,"version":"5.78.0","msg":"Creating table: members_created_events","time":"2024-02-02T13:40:17.200Z","v":0}
{"name":"Log","hostname":"vanheemstrasyste-ghost-2xpzriwxg3t","pid":2102,"level":30,"version":"5.78.0","msg":"Creating table: members_cancel_events","time":"2024-02-02T13:40:17.204Z","v":0}
{"name":"Log","hostname":"vanheemstrasyste-ghost-2xpzriwxg3t","pid":2102,"level":30,"version":"5.78.0","msg":"Creating table: members_payment_events","time":"2024-02-02T13:40:17.206Z","v":0}
{"name":"Log","hostname":"vanheemstrasyste-ghost-2xpzriwxg3t","pid":2102,"level":30,"version":"5.78.0","msg":"Creating table: members_login_events","time":"2024-02-02T13:40:17.208Z","v":0}
{"name":"Log","hostname":"vanheemstrasyste-ghost-2xpzriwxg3t","pid":2102,"level":30,"version":"5.78.0","msg":"Creating table: members_email_change_events","time":"2024-02-02T13:40:17.210Z","v":0}
{"name":"Log","hostname":"vanheemstrasyste-ghost-2xpzriwxg3t","pid":2102,"level":30,"version":"5.78.0","msg":"Creating table: members_status_events","time":"2024-02-02T13:40:17.212Z","v":0}
{"name":"Log","hostname":"vanheemstrasyste-ghost-2xpzriwxg3t","pid":2102,"level":30,"version":"5.78.0","msg":"Creating table: members_product_events","time":"2024-02-02T13:40:17.214Z","v":0}
{"name":"Log","hostname":"vanheemstrasyste-ghost-2xpzriwxg3t","pid":2102,"level":30,"version":"5.78.0","msg":"Creating table: members_paid_subscription_events","time":"2024-02-02T13:40:17.217Z","v":0}
{"name":"Log","hostname":"vanheemstrasyste-ghost-2xpzriwxg3t","pid":2102,"level":30,"version":"5.78.0","msg":"Creating table: labels","time":"2024-02-02T13:40:17.219Z","v":0}
{"name":"Log","hostname":"vanheemstrasyste-ghost-2xpzriwxg3t","pid":2102,"level":30,"version":"5.78.0","msg":"Creating table: members_labels","time":"2024-02-02T13:40:17.224Z","v":0}
{"name":"Log","hostname":"vanheemstrasyste-ghost-2xpzriwxg3t","pid":2102,"level":30,"version":"5.78.0","msg":"Creating table: members_stripe_customers","time":"2024-02-02T13:40:17.226Z","v":0}
{"name":"Log","hostname":"vanheemstrasyste-ghost-2xpzriwxg3t","pid":2102,"level":30,"version":"5.78.0","msg":"Creating table: subscriptions","time":"2024-02-02T13:40:17.230Z","v":0}
{"name":"Log","hostname":"vanheemstrasyste-ghost-2xpzriwxg3t","pid":2102,"level":30,"version":"5.78.0","msg":"Creating table: members_stripe_customers_subscriptions","time":"2024-02-02T13:40:17.232Z","v":0}
{"name":"Log","hostname":"vanheemstrasyste-ghost-2xpzriwxg3t","pid":2102,"level":30,"version":"5.78.0","msg":"Creating table: members_subscription_created_events","time":"2024-02-02T13:40:17.238Z","v":0}
{"name":"Log","hostname":"vanheemstrasyste-ghost-2xpzriwxg3t","pid":2102,"level":30,"version":"5.78.0","msg":"Creating table: offer_redemptions","time":"2024-02-02T13:40:17.242Z","v":0}
{"name":"Log","hostname":"vanheemstrasyste-ghost-2xpzriwxg3t","pid":2102,"level":30,"version":"5.78.0","msg":"Creating table: members_subscribe_events","time":"2024-02-02T13:40:17.244Z","v":0}
{"name":"Log","hostname":"vanheemstrasyste-ghost-2xpzriwxg3t","pid":2102,"level":30,"version":"5.78.0","msg":"Creating table: donation_payment_events","time":"2024-02-02T13:40:17.246Z","v":0}
{"name":"Log","hostname":"vanheemstrasyste-ghost-2xpzriwxg3t","pid":2102,"level":30,"version":"5.78.0","msg":"Creating table: stripe_products","time":"2024-02-02T13:40:17.248Z","v":0}
{"name":"Log","hostname":"vanheemstrasyste-ghost-2xpzriwxg3t","pid":2102,"level":30,"version":"5.78.0","msg":"Creating table: stripe_prices","time":"2024-02-02T13:40:17.251Z","v":0}
{"name":"Log","hostname":"vanheemstrasyste-ghost-2xpzriwxg3t","pid":2102,"level":30,"version":"5.78.0","msg":"Creating table: actions","time":"2024-02-02T13:40:17.255Z","v":0}
{"name":"Log","hostname":"vanheemstrasyste-ghost-2xpzriwxg3t","pid":2102,"level":30,"version":"5.78.0","msg":"Creating table: emails","time":"2024-02-02T13:40:17.257Z","v":0}
{"name":"Log","hostname":"vanheemstrasyste-ghost-2xpzriwxg3t","pid":2102,"level":30,"version":"5.78.0","msg":"Creating table: email_batches","time":"2024-02-02T13:40:17.261Z","v":0}
{"name":"Log","hostname":"vanheemstrasyste-ghost-2xpzriwxg3t","pid":2102,"level":30,"version":"5.78.0","msg":"Creating table: email_recipients","time":"2024-02-02T13:40:17.263Z","v":0}
{"name":"Log","hostname":"vanheemstrasyste-ghost-2xpzriwxg3t","pid":2102,"level":30,"version":"5.78.0","msg":"Creating table: email_recipient_failures","time":"2024-02-02T13:40:17.273Z","v":0}
{"name":"Log","hostname":"vanheemstrasyste-ghost-2xpzriwxg3t","pid":2102,"level":30,"version":"5.78.0","msg":"Creating table: tokens","time":"2024-02-02T13:40:17.275Z","v":0}
{"name":"Log","hostname":"vanheemstrasyste-ghost-2xpzriwxg3t","pid":2102,"level":30,"version":"5.78.0","msg":"Creating table: snippets","time":"2024-02-02T13:40:17.279Z","v":0}
{"name":"Log","hostname":"vanheemstrasyste-ghost-2xpzriwxg3t","pid":2102,"level":30,"version":"5.78.0","msg":"Creating table: custom_theme_settings","time":"2024-02-02T13:40:17.283Z","v":0}
{"name":"Log","hostname":"vanheemstrasyste-ghost-2xpzriwxg3t","pid":2102,"level":30,"version":"5.78.0","msg":"Creating table: members_newsletters","time":"2024-02-02T13:40:17.286Z","v":0}
{"name":"Log","hostname":"vanheemstrasyste-ghost-2xpzriwxg3t","pid":2102,"level":30,"version":"5.78.0","msg":"Creating table: comments","time":"2024-02-02T13:40:17.289Z","v":0}
{"name":"Log","hostname":"vanheemstrasyste-ghost-2xpzriwxg3t","pid":2102,"level":30,"version":"5.78.0","msg":"Creating table: comment_likes","time":"2024-02-02T13:40:17.291Z","v":0}
{"name":"Log","hostname":"vanheemstrasyste-ghost-2xpzriwxg3t","pid":2102,"level":30,"version":"5.78.0","msg":"Creating table: comment_reports","time":"2024-02-02T13:40:17.293Z","v":0}
{"name":"Log","hostname":"vanheemstrasyste-ghost-2xpzriwxg3t","pid":2102,"level":30,"version":"5.78.0","msg":"Creating table: jobs","time":"2024-02-02T13:40:17.295Z","v":0}
{"name":"Log","hostname":"vanheemstrasyste-ghost-2xpzriwxg3t","pid":2102,"level":30,"version":"5.78.0","msg":"Creating table: redirects","time":"2024-02-02T13:40:17.301Z","v":0}
{"name":"Log","hostname":"vanheemstrasyste-ghost-2xpzriwxg3t","pid":2102,"level":30,"version":"5.78.0","msg":"Creating table: members_click_events","time":"2024-02-02T13:40:17.303Z","v":0}
{"name":"Log","hostname":"vanheemstrasyste-ghost-2xpzriwxg3t","pid":2102,"level":30,"version":"5.78.0","msg":"Creating table: members_feedback","time":"2024-02-02T13:40:17.304Z","v":0}
{"name":"Log","hostname":"vanheemstrasyste-ghost-2xpzriwxg3t","pid":2102,"level":30,"version":"5.78.0","msg":"Creating table: suppressions","time":"2024-02-02T13:40:17.306Z","v":0}
{"name":"Log","hostname":"vanheemstrasyste-ghost-2xpzriwxg3t","pid":2102,"level":30,"version":"5.78.0","msg":"Creating table: email_spam_complaint_events","time":"2024-02-02T13:40:17.310Z","v":0}
{"name":"Log","hostname":"vanheemstrasyste-ghost-2xpzriwxg3t","pid":2102,"level":30,"version":"5.78.0","msg":"Creating table: mentions","time":"2024-02-02T13:40:17.313Z","v":0}
{"name":"Log","hostname":"vanheemstrasyste-ghost-2xpzriwxg3t","pid":2102,"level":30,"version":"5.78.0","msg":"Creating table: milestones","time":"2024-02-02T13:40:17.315Z","v":0}
{"name":"Log","hostname":"vanheemstrasyste-ghost-2xpzriwxg3t","pid":2102,"level":30,"version":"5.78.0","msg":"Creating table: temp_mail_events","time":"2024-02-02T13:40:17.317Z","v":0}
{"name":"Log","hostname":"vanheemstrasyste-ghost-2xpzriwxg3t","pid":2102,"level":30,"version":"5.78.0","msg":"Creating table: collections","time":"2024-02-02T13:40:17.319Z","v":0}
{"name":"Log","hostname":"vanheemstrasyste-ghost-2xpzriwxg3t","pid":2102,"level":30,"version":"5.78.0","msg":"Creating table: collections_posts","time":"2024-02-02T13:40:17.323Z","v":0}
{"name":"Log","hostname":"vanheemstrasyste-ghost-2xpzriwxg3t","pid":2102,"level":30,"version":"5.78.0","msg":"Creating table: recommendations","time":"2024-02-02T13:40:17.326Z","v":0}
{"name":"Log","hostname":"vanheemstrasyste-ghost-2xpzriwxg3t","pid":2102,"level":30,"version":"5.78.0","msg":"Creating table: recommendation_click_events","time":"2024-02-02T13:40:17.328Z","v":0}
{"name":"Log","hostname":"vanheemstrasyste-ghost-2xpzriwxg3t","pid":2102,"level":30,"version":"5.78.0","msg":"Creating table: recommendation_subscribe_events","time":"2024-02-02T13:40:17.330Z","v":0}
{"name":"Log","hostname":"vanheemstrasyste-ghost-2xpzriwxg3t","pid":2102,"level":30,"version":"5.78.0","msg":"Model: Collection","time":"2024-02-02T13:40:17.529Z","v":0}
{"name":"Log","hostname":"vanheemstrasyste-ghost-2xpzriwxg3t","pid":2102,"level":30,"version":"5.78.0","msg":"Model: Product","time":"2024-02-02T13:40:17.534Z","v":0}
{"name":"Log","hostname":"vanheemstrasyste-ghost-2xpzriwxg3t","pid":2102,"level":30,"version":"5.78.0","msg":"Model: Newsletter","time":"2024-02-02T13:40:17.540Z","v":0}
{"name":"Log","hostname":"vanheemstrasyste-ghost-2xpzriwxg3t","pid":2102,"level":30,"version":"5.78.0","msg":"Model: Tag","time":"2024-02-02T13:40:17.544Z","v":0}
{"name":"Log","hostname":"vanheemstrasyste-ghost-2xpzriwxg3t","pid":2102,"level":30,"version":"5.78.0","msg":"Model: Permission","time":"2024-02-02T13:40:17.548Z","v":0}
{"name":"Log","hostname":"vanheemstrasyste-ghost-2xpzriwxg3t","pid":2102,"level":30,"version":"5.78.0","msg":"Model: Post","time":"2024-02-02T13:40:17.713Z","v":0}
{"name":"Log","hostname":"vanheemstrasyste-ghost-2xpzriwxg3t","pid":2102,"level":30,"version":"5.78.0","msg":"Model: Integration","time":"2024-02-02T13:40:18.036Z","v":0}
{"name":"Log","hostname":"vanheemstrasyste-ghost-2xpzriwxg3t","pid":2102,"level":30,"version":"5.78.0","msg":"Relation: Role to Permission","time":"2024-02-02T13:40:18.077Z","v":0}
{"name":"Log","hostname":"vanheemstrasyste-ghost-2xpzriwxg3t","pid":2102,"level":30,"version":"5.78.0","msg":"Relation: Post to Tag","time":"2024-02-02T13:40:18.271Z","v":0}
{"name":"Log","hostname":"vanheemstrasyste-ghost-2xpzriwxg3t","pid":2102,"level":30,"version":"5.78.0","msg":"Database is in a ready state.","time":"2024-02-02T13:40:18.322Z","v":0}
{"name":"Log","hostname":"vanheemstrasyste-ghost-2xpzriwxg3t","pid":2102,"level":30,"version":"5.78.0","msg":"Ghost database ready in 2.154s","time":"2024-02-02T13:40:18.323Z","v":0}
{"name":"Log","hostname":"vanheemstrasyste-ghost-2xpzriwxg3t","pid":2102,"level":40,"version":"5.78.0","msg":"Missing mail.from config, falling back to a generated email address. Please update your config file and set a valid from address","time":"2024-02-02T13:40:18.604Z","v":0}
{"name":"Log","hostname":"vanheemstrasyste-ghost-2xpzriwxg3t","pid":2102,"level":30,"version":"5.78.0","msg":"Adding offloaded job to the queue","time":"2024-02-02T13:40:19.907Z","v":0}
{"name":"Log","hostname":"vanheemstrasyste-ghost-2xpzriwxg3t","pid":2102,"level":30,"version":"5.78.0","msg":"Scheduling job mentions-email-report at 40 33 * * * *. Next run on: Fri Feb 02 2024 14:33:40 GMT+0000 (Coordinated Universal Time)","time":"2024-02-02T13:40:19.922Z","v":0}
{"name":"Log","hostname":"vanheemstrasyste-ghost-2xpzriwxg3t","pid":2102,"level":30,"version":"5.78.0","msg":"Adding one-off job to queue with current length = 0 called 'members-migrations'","time":"2024-02-02T13:40:20.153Z","v":0}
{"name":"Log","hostname":"vanheemstrasyste-ghost-2xpzriwxg3t","pid":2102,"level":30,"version":"5.78.0","msg":"Stripe not configured - skipping migrations","time":"2024-02-02T13:40:20.159Z","v":0}
{"name":"Log","hostname":"vanheemstrasyste-ghost-2xpzriwxg3t","pid":2102,"level":30,"version":"5.78.0","msg":"Ghost URL Service Ready in 4.146s","time":"2024-02-02T13:40:20.315Z","v":0}
{"name":"Log","hostname":"vanheemstrasyste-ghost-2xpzriwxg3t","pid":2102,"level":30,"version":"5.78.0","msg":"Adding offloaded job to the queue","time":"2024-02-02T13:40:20.636Z","v":0}
{"name":"Log","hostname":"vanheemstrasyste-ghost-2xpzriwxg3t","pid":2102,"level":30,"version":"5.78.0","msg":"Scheduling job clean-expired-comped at 57 4 5 * * *. Next run on: Sat Feb 03 2024 05:04:57 GMT+0000 (Coordinated Universal Time)","time":"2024-02-02T13:40:20.644Z","v":0}
{"name":"Log","hostname":"vanheemstrasyste-ghost-2xpzriwxg3t","pid":2102,"level":30,"version":"5.78.0","msg":"Adding offloaded job to the queue","time":"2024-02-02T13:40:20.662Z","v":0}
{"name":"Log","hostname":"vanheemstrasyste-ghost-2xpzriwxg3t","pid":2102,"level":30,"version":"5.78.0","msg":"Scheduling job clean-tokens at 41 24 14 * * *. Next run on: Fri Feb 02 2024 14:24:41 GMT+0000 (Coordinated Universal Time)","time":"2024-02-02T13:40:20.670Z","v":0}
{"name":"Log","hostname":"vanheemstrasyste-ghost-2xpzriwxg3t","pid":2102,"level":30,"version":"5.78.0","msg":"Ghost booted in 4.518s","time":"2024-02-02T13:40:20.688Z","v":0}
{"name":"Log","hostname":"vanheemstrasyste-ghost-2xpzriwxg3t","pid":2102,"level":30,"version":"5.78.0","msg":"Adding offloaded job to the queue","time":"2024-02-02T13:40:20.692Z","v":0}
{"name":"Log","hostname":"vanheemstrasyste-ghost-2xpzriwxg3t","pid":2102,"level":30,"version":"5.78.0","msg":"Scheduling job update-check at 29 29 12 * * *. Next run on: Sat Feb 03 2024 12:29:29 GMT+0000 (Coordinated Universal Time)","time":"2024-02-02T13:40:20.701Z","v":0}
{"name":"Log","hostname":"vanheemstrasyste-ghost-2xpzriwxg3t","pid":2102,"level":30,"version":"5.78.0","msg":"Running milestone emails job on Fri Feb 02 2024 13:40:25 GMT+0000 (Coordinated Universal Time)","time":"2024-02-02T13:40:20.719Z","v":0}
{"name":"Log","hostname":"vanheemstrasyste-ghost-2xpzriwxg3t","pid":2102,"level":50,"version":"5.78.0","err":{"id":"c9c0acf0-c1d0-11ee-a282-752f56c17c1b","domain":"http://localhost:2368/","code":"IMAGE_SIZE_URL","name":"InternalServerError","statusCode":500,"level":"critical","message":"Unknown Request error.","context":"\"http://localhost:2368/favicon.ico\"","stack":"Error: connect ECONNREFUSED ::1:2368\n    at /workspace/ghost/containers/app/ghost/versions/5.78.0/core/server/lib/image/ImageSize.js:196:39\n    at TCPConnectWrap.afterConnect [as oncomplete] (node:net:1555:16)","hideStack":false},"msg":"Unknown Request error.","time":"2024-02-02T13:41:37.729Z","v":0}
{"name":"Log","hostname":"vanheemstrasyste-ghost-2xpzriwxg3t","pid":2102,"level":40,"version":"5.78.0","err":{"id":"c9c40850-c1d0-11ee-a282-752f56c17c1b","domain":"http://localhost:2368/","code":"SLOW_GET_HELPER","name":"HelperWarning","statusCode":400,"level":"normal","message":"{{#get}} helper took 209ms to complete","stack":"HelperWarning: {{#get}} helper took 209ms to complete\n    at Object.get (/workspace/ghost/containers/app/ghost/versions/5.78.0/core/frontend/helpers/get.js:261:35)\n    at async Object.returnAsync (/workspace/ghost/containers/app/ghost/versions/5.78.0/core/frontend/services/helpers/handlebars.js:16:30)","hideStack":true,"errorDetails":"{\"api\":\"postsPublic.browse\",\"apiOptions\":{\"limit\":\"12\",\"include\":\"authors\",\"context\":{\"member\":null}},\"returnedRows\":1}"},"msg":"{{#get}} helper took 209ms to complete","time":"2024-02-02T13:41:37.750Z","v":0}
{"name":"Log","hostname":"vanheemstrasyste-ghost-2xpzriwxg3t","pid":2102,"level":30,"version":"5.78.0","req":{"meta":{"requestId":"c39c3582-76d8-4bda-81a7-782decbe8774","userId":null},"url":"/","method":"GET","originalUrl":"/","params":{},"headers":{"host":"2368-vanheemstrasyste-ghost-2xpzriwxg3t.ws-eu107.gitpod.io","user-agent":"Mozilla/5.0 (Windows NT 10.0; Win64; x64) AppleWebKit/537.36 (KHTML, like Gecko) Chrome/120.0.0.0 Safari/537.36","accept":"text/html,application/xhtml+xml,application/xml;q=0.9,image/avif,image/webp,image/apng,*/*;q=0.8,application/signed-exchange;v=b3;q=0.7","accept-encoding":"gzip, deflate, br","accept-language":"en-US,en;q=0.9","cookie":"**REDACTED**","referer":"https://vanheemstrasyste-ghost-2xpzriwxg3t.ws-eu107.gitpod.io/","sec-ch-ua":"\"Not_A Brand\";v=\"8\", \"Chromium\";v=\"120\", \"Google Chrome\";v=\"120\"","sec-ch-ua-mobile":"?0","sec-ch-ua-platform":"\"Windows\"","sec-fetch-dest":"document","sec-fetch-mode":"navigate","sec-fetch-site":"same-site","sec-fetch-user":"?1","upgrade-insecure-requests":"1","x-forwarded-for":"212.78.185.65","x-forwarded-host":"2368-vanheemstrasyste-ghost-2xpzriwxg3t.ws-eu107.gitpod.io","x-forwarded-port":"443","x-forwarded-proto":"https"},"query":{}},"res":{"_headers":{"x-powered-by":"Express","cache-control":"public, max-age=0","content-type":"text/html; charset=utf-8","etag":"W/\"3fde-+zM74vBDXiQbDMStmQqU42Pl+Ac\"","vary":"Accept-Encoding","content-encoding":"gzip"},"statusCode":200,"responseTime":"591ms"},"msg":"","time":"2024-02-02T13:41:37.929Z","v":0}
{"name":"Log","hostname":"vanheemstrasyste-ghost-2xpzriwxg3t","pid":2102,"level":30,"version":"5.78.0","req":{"meta":{"requestId":"2e97427b-4b66-4f8f-8658-ec0cad82e077","userId":null},"url":"/assets/built/screen.css?v=8de5bf5b45","method":"GET","originalUrl":"/assets/built/screen.css?v=8de5bf5b45","params":{},"headers":{"host":"2368-vanheemstrasyste-ghost-2xpzriwxg3t.ws-eu107.gitpod.io","user-agent":"Mozilla/5.0 (Windows NT 10.0; Win64; x64) AppleWebKit/537.36 (KHTML, like Gecko) Chrome/120.0.0.0 Safari/537.36","accept":"text/css,*/*;q=0.1","accept-encoding":"gzip, deflate, br","accept-language":"en-US,en;q=0.9","cookie":"**REDACTED**","referer":"https://2368-vanheemstrasyste-ghost-2xpzriwxg3t.ws-eu107.gitpod.io/","sec-ch-ua":"\"Not_A Brand\";v=\"8\", \"Chromium\";v=\"120\", \"Google Chrome\";v=\"120\"","sec-ch-ua-mobile":"?0","sec-ch-ua-platform":"\"Windows\"","sec-fetch-dest":"style","sec-fetch-mode":"no-cors","sec-fetch-site":"same-origin","x-forwarded-for":"212.78.185.65","x-forwarded-host":"2368-vanheemstrasyste-ghost-2xpzriwxg3t.ws-eu107.gitpod.io","x-forwarded-port":"443","x-forwarded-proto":"https"},"query":{"v":"8de5bf5b45"}},"res":{"_headers":{"x-powered-by":"Express","accept-ranges":"bytes","cache-control":"public, max-age=0","last-modified":"Sat, 26 Oct 1985 08:15:00 GMT","etag":"W/\"c426-7438674ba0\"","content-type":"text/css; charset=UTF-8","vary":"Accept-Encoding","content-encoding":"gzip"},"statusCode":200,"responseTime":"8ms"},"msg":"","time":"2024-02-02T13:41:37.986Z","v":0}
{"name":"Log","hostname":"vanheemstrasyste-ghost-2xpzriwxg3t","pid":2102,"level":30,"version":"5.78.0","req":{"meta":{"requestId":"3d3b4c88-8216-4138-a814-75ebc622f3dc","userId":null},"url":"/assets/built/source.js?v=8de5bf5b45","method":"GET","originalUrl":"/assets/built/source.js?v=8de5bf5b45","params":{},"headers":{"host":"2368-vanheemstrasyste-ghost-2xpzriwxg3t.ws-eu107.gitpod.io","user-agent":"Mozilla/5.0 (Windows NT 10.0; Win64; x64) AppleWebKit/537.36 (KHTML, like Gecko) Chrome/120.0.0.0 Safari/537.36","accept":"*/*","accept-encoding":"gzip, deflate, br","accept-language":"en-US,en;q=0.9","cookie":"**REDACTED**","referer":"https://2368-vanheemstrasyste-ghost-2xpzriwxg3t.ws-eu107.gitpod.io/","sec-ch-ua":"\"Not_A Brand\";v=\"8\", \"Chromium\";v=\"120\", \"Google Chrome\";v=\"120\"","sec-ch-ua-mobile":"?0","sec-ch-ua-platform":"\"Windows\"","sec-fetch-dest":"script","sec-fetch-mode":"no-cors","sec-fetch-site":"same-origin","x-forwarded-for":"212.78.185.65","x-forwarded-host":"2368-vanheemstrasyste-ghost-2xpzriwxg3t.ws-eu107.gitpod.io","x-forwarded-port":"443","x-forwarded-proto":"https"},"query":{"v":"8de5bf5b45"}},"res":{"_headers":{"x-powered-by":"Express","accept-ranges":"bytes","cache-control":"public, max-age=0","last-modified":"Sat, 26 Oct 1985 08:15:00 GMT","etag":"W/\"ccd0-7438674ba0\"","content-type":"application/javascript; charset=UTF-8","vary":"Accept-Encoding","content-encoding":"gzip"},"statusCode":200,"responseTime":"7ms"},"msg":"","time":"2024-02-02T13:41:37.989Z","v":0}
{"name":"Log","hostname":"vanheemstrasyste-ghost-2xpzriwxg3t","pid":2102,"level":30,"version":"5.78.0","req":{"meta":{"requestId":"121a6f76-447b-4792-8037-11d9c59342f2","userId":null},"url":"/public/cards.min.css?v=8de5bf5b45","method":"GET","originalUrl":"/public/cards.min.css?v=8de5bf5b45","params":{},"headers":{"host":"2368-vanheemstrasyste-ghost-2xpzriwxg3t.ws-eu107.gitpod.io","user-agent":"Mozilla/5.0 (Windows NT 10.0; Win64; x64) AppleWebKit/537.36 (KHTML, like Gecko) Chrome/120.0.0.0 Safari/537.36","accept":"text/css,*/*;q=0.1","accept-encoding":"gzip, deflate, br","accept-language":"en-US,en;q=0.9","cookie":"**REDACTED**","referer":"https://2368-vanheemstrasyste-ghost-2xpzriwxg3t.ws-eu107.gitpod.io/","sec-ch-ua":"\"Not_A Brand\";v=\"8\", \"Chromium\";v=\"120\", \"Google Chrome\";v=\"120\"","sec-ch-ua-mobile":"?0","sec-ch-ua-platform":"\"Windows\"","sec-fetch-dest":"style","sec-fetch-mode":"no-cors","sec-fetch-site":"same-origin","x-forwarded-for":"212.78.185.65","x-forwarded-host":"2368-vanheemstrasyste-ghost-2xpzriwxg3t.ws-eu107.gitpod.io","x-forwarded-port":"443","x-forwarded-proto":"https"},"query":{"v":"8de5bf5b45"}},"res":{"_headers":{"x-powered-by":"Express","content-type":"text/css","etag":"\"d3c677de6b672445cc6386191937cf9b\"","cache-control":"public, max-age=31536000","vary":"Accept-Encoding","content-encoding":"gzip"},"statusCode":200,"responseTime":"7ms"},"msg":"","time":"2024-02-02T13:41:37.990Z","v":0}
{"name":"Log","hostname":"vanheemstrasyste-ghost-2xpzriwxg3t","pid":2102,"level":30,"version":"5.78.0","req":{"meta":{"requestId":"2f03f2e3-a6c3-4e0f-9966-24e47d6696f5","userId":null},"url":"/public/cards.min.js?v=8de5bf5b45","method":"GET","originalUrl":"/public/cards.min.js?v=8de5bf5b45","params":{},"headers":{"host":"2368-vanheemstrasyste-ghost-2xpzriwxg3t.ws-eu107.gitpod.io","user-agent":"Mozilla/5.0 (Windows NT 10.0; Win64; x64) AppleWebKit/537.36 (KHTML, like Gecko) Chrome/120.0.0.0 Safari/537.36","accept":"*/*","accept-encoding":"gzip, deflate, br","accept-language":"en-US,en;q=0.9","cookie":"**REDACTED**","referer":"https://2368-vanheemstrasyste-ghost-2xpzriwxg3t.ws-eu107.gitpod.io/","sec-ch-ua":"\"Not_A Brand\";v=\"8\", \"Chromium\";v=\"120\", \"Google Chrome\";v=\"120\"","sec-ch-ua-mobile":"?0","sec-ch-ua-platform":"\"Windows\"","sec-fetch-dest":"script","sec-fetch-mode":"no-cors","sec-fetch-site":"same-origin","x-forwarded-for":"212.78.185.65","x-forwarded-host":"2368-vanheemstrasyste-ghost-2xpzriwxg3t.ws-eu107.gitpod.io","x-forwarded-port":"443","x-forwarded-proto":"https"},"query":{"v":"8de5bf5b45"}},"res":{"_headers":{"x-powered-by":"Express","content-type":"application/javascript","etag":"\"431228c753b74a6958600d170f921e6d\"","cache-control":"public, max-age=31536000","vary":"Accept-Encoding","content-encoding":"gzip"},"statusCode":200,"responseTime":"3ms"},"msg":"","time":"2024-02-02T13:41:38.070Z","v":0}
{"name":"Log","hostname":"vanheemstrasyste-ghost-2xpzriwxg3t","pid":2102,"level":30,"version":"5.78.0","req":{"meta":{"requestId":"c2fa6f97-77f5-4f83-9b88-8981ff913b28","userId":null},"url":"/public/member-attribution.min.js?v=8de5bf5b45","method":"GET","originalUrl":"/public/member-attribution.min.js?v=8de5bf5b45","params":{},"headers":{"host":"2368-vanheemstrasyste-ghost-2xpzriwxg3t.ws-eu107.gitpod.io","user-agent":"Mozilla/5.0 (Windows NT 10.0; Win64; x64) AppleWebKit/537.36 (KHTML, like Gecko) Chrome/120.0.0.0 Safari/537.36","accept":"*/*","accept-encoding":"gzip, deflate, br","accept-language":"en-US,en;q=0.9","cookie":"**REDACTED**","referer":"https://2368-vanheemstrasyste-ghost-2xpzriwxg3t.ws-eu107.gitpod.io/","sec-ch-ua":"\"Not_A Brand\";v=\"8\", \"Chromium\";v=\"120\", \"Google Chrome\";v=\"120\"","sec-ch-ua-mobile":"?0","sec-ch-ua-platform":"\"Windows\"","sec-fetch-dest":"script","sec-fetch-mode":"no-cors","sec-fetch-site":"same-origin","x-forwarded-for":"212.78.185.65","x-forwarded-host":"2368-vanheemstrasyste-ghost-2xpzriwxg3t.ws-eu107.gitpod.io","x-forwarded-port":"443","x-forwarded-proto":"https"},"query":{"v":"8de5bf5b45"}},"res":{"_headers":{"x-powered-by":"Express","content-type":"application/javascript","etag":"\"909b42c515ee6c2aece5a3f270049f98\"","cache-control":"public, max-age=31536000","vary":"Accept-Encoding","content-encoding":"gzip"},"statusCode":200,"responseTime":"4ms"},"msg":"","time":"2024-02-02T13:41:38.072Z","v":0}
{"name":"Log","hostname":"vanheemstrasyste-ghost-2xpzriwxg3t","pid":2102,"level":30,"version":"5.78.0","req":{"meta":{"requestId":"5bedf024-28e2-46f3-88f3-48d79bc1349d","userId":null},"url":"/assets/fonts/inter-roman.woff2","method":"GET","originalUrl":"/assets/fonts/inter-roman.woff2","params":{},"headers":{"host":"2368-vanheemstrasyste-ghost-2xpzriwxg3t.ws-eu107.gitpod.io","user-agent":"Mozilla/5.0 (Windows NT 10.0; Win64; x64) AppleWebKit/537.36 (KHTML, like Gecko) Chrome/120.0.0.0 Safari/537.36","accept":"*/*","accept-encoding":"gzip, deflate, br","accept-language":"en-US,en;q=0.9","cookie":"**REDACTED**","origin":"https://2368-vanheemstrasyste-ghost-2xpzriwxg3t.ws-eu107.gitpod.io","referer":"https://2368-vanheemstrasyste-ghost-2xpzriwxg3t.ws-eu107.gitpod.io/assets/built/screen.css?v=8de5bf5b45","sec-ch-ua":"\"Not_A Brand\";v=\"8\", \"Chromium\";v=\"120\", \"Google Chrome\";v=\"120\"","sec-ch-ua-mobile":"?0","sec-ch-ua-platform":"\"Windows\"","sec-fetch-dest":"font","sec-fetch-mode":"cors","sec-fetch-site":"same-origin","x-forwarded-for":"212.78.185.65","x-forwarded-host":"2368-vanheemstrasyste-ghost-2xpzriwxg3t.ws-eu107.gitpod.io","x-forwarded-port":"443","x-forwarded-proto":"https"},"query":{}},"res":{"_headers":{"x-powered-by":"Express","accept-ranges":"bytes","cache-control":"public, max-age=0","last-modified":"Sat, 26 Oct 1985 08:15:00 GMT","etag":"W/\"9394-7438674ba0\"","content-type":"font/woff2","content-length":37780},"statusCode":200,"responseTime":"2ms"},"msg":"","time":"2024-02-02T13:41:38.587Z","v":0}
{"name":"Log","hostname":"vanheemstrasyste-ghost-2xpzriwxg3t","pid":2102,"level":30,"version":"5.78.0","req":{"meta":{"requestId":"09a6c219-cb45-412e-97f2-b3f5b0b2b36e","userId":null},"url":"/favicon.ico","method":"GET","originalUrl":"/favicon.ico","params":{},"headers":{"host":"2368-vanheemstrasyste-ghost-2xpzriwxg3t.ws-eu107.gitpod.io","user-agent":"Mozilla/5.0 (Windows NT 10.0; Win64; x64) AppleWebKit/537.36 (KHTML, like Gecko) Chrome/120.0.0.0 Safari/537.36","accept":"image/avif,image/webp,image/apng,image/svg+xml,image/*,*/*;q=0.8","accept-encoding":"gzip, deflate, br","accept-language":"en-US,en;q=0.9","cookie":"**REDACTED**","referer":"https://2368-vanheemstrasyste-ghost-2xpzriwxg3t.ws-eu107.gitpod.io/","sec-ch-ua":"\"Not_A Brand\";v=\"8\", \"Chromium\";v=\"120\", \"Google Chrome\";v=\"120\"","sec-ch-ua-mobile":"?0","sec-ch-ua-platform":"\"Windows\"","sec-fetch-dest":"image","sec-fetch-mode":"no-cors","sec-fetch-site":"same-origin","x-forwarded-for":"212.78.185.65","x-forwarded-host":"2368-vanheemstrasyste-ghost-2xpzriwxg3t.ws-eu107.gitpod.io","x-forwarded-port":"443","x-forwarded-proto":"https"},"query":{}},"res":{"_headers":{"x-powered-by":"Express","content-type":"image/x-icon","etag":"\"a9c6dbdcdc3ae568f4e0dad92149a0e3\"","cache-control":"public, max-age=86400","vary":"Accept-Encoding","content-encoding":"gzip"},"statusCode":200,"responseTime":"2ms"},"msg":"","time":"2024-02-02T13:41:39.358Z","v":0}
{"name":"Log","hostname":"vanheemstrasyste-ghost-2xpzriwxg3t","pid":2102,"level":30,"version":"5.78.0","msg":"[Recommendations] Updating recommendations metadata","time":"2024-02-02T13:42:49.569Z","v":0}
